<?xml version="1.0" encoding="UTF-8"?>
<testsuite xmlns:xsi="http://www.w3.org/2001/XMLSchema-instance" xsi:noNamespaceSchemaLocation="https://maven.apache.org/surefire/maven-surefire-plugin/xsd/surefire-test-report.xsd" name="br.com.brainweb.interview.core.features.hero.HeroControllerTest" time="123.825" tests="8" errors="0" skipped="0" failures="0">
  <properties>
[...]
</properties>
  <testcase name="testControllerHeroA" classname="br.com.brainweb.interview.core.features.hero.HeroControllerTest" time="6.35"/>
  <testcase name="testControllerHeroB" classname="br.com.brainweb.interview.core.features.hero.HeroControllerTest" time="0.173"/>
  <testcase name="testControllerHeroC" classname="br.com.brainweb.interview.core.features.hero.HeroControllerTest" time="0.25"/>
  <testcase name="testControllerHeroD" classname="br.com.brainweb.interview.core.features.hero.HeroControllerTest" time="0.093"/>
  <testcase name="testControllerHeroF" classname="br.com.brainweb.interview.core.features.hero.HeroControllerTest" time="0.109"/>
  <testcase name="testControllerHeroG" classname="br.com.brainweb.interview.core.features.hero.HeroControllerTest" time="0.905"/>
  <testcase name="testControllerHeroH" classname="br.com.brainweb.interview.core.features.hero.HeroControllerTest" time="0.032"/>
  <testcase name="testControllerHeroI" classname="br.com.brainweb.interview.core.features.hero.HeroControllerTest" time="0.063"/>
</testsuite>